2025-03-31 14:13:03 [DEBUG] (restartedMain) org.example.travelexpertwebbackend.security.JwtService.generateSecretKey():34 - Encoded Key: tBHpfWoh9lxGAXxVP/BhYDwgVqNOqsborL0eLh8QT72A+5HlFc1wYsqnS7QJ9v4s4YGFgs199OdlgbAUy/Lz6A==
2025-03-31 14:13:44 [DEBUG] (restartedMain) org.example.travelexpertwebbackend.security.JwtService.generateSecretKey():34 - Encoded Key: Wiy4zqQJkrGnBDRVPHucLBTKeTjK/VDkU/uA3/cmq3dhEMih0Ws4FugbVSxgejjQeO+4uO3K1Upm9aQzTbkYIw==
2025-03-31 14:14:35 [DEBUG] (restartedMain) org.example.travelexpertwebbackend.security.JwtService.generateSecretKey():34 - Encoded Key: IlVlimhMvNDg/fzI6DD0PaBjsGMVCuCtNmYaFE2dVCGA3eU8Mz0oDxMmA4CvtqiQRkiT0S+mXlu9jgVfM8qT0Q==
2025-03-31 14:14:52 [DEBUG] (restartedMain) org.example.travelexpertwebbackend.security.JwtService.generateSecretKey():34 - Encoded Key: KiQEUQjnaea6yRJIrqDtgaVYs3DigDw2Q7jCbkV58gexlRHugRjUddXK4rXSPG4vI0OgFTqQmMHC8R//3LJJOw==
2025-03-31 14:15:09 [DEBUG] (restartedMain) org.example.travelexpertwebbackend.security.JwtService.generateSecretKey():34 - Encoded Key: CA/McSIsfanYHEXNqZWiJsem1hdU19StEH4lg0M6upm/bFqf+ggSXhX0FRQWffVlaLEENPpM3UHcrZKN8PBU3Q==
2025-03-31 14:16:30 [DEBUG] (restartedMain) org.example.travelexpertwebbackend.security.JwtService.generateSecretKey():34 - Encoded Key: 1Q8UJMxpB/L+DzYhturhhKbjOXoYcur+rk7XxcOxJAUZAePCOeUk5TTPmRDwI5ZYVYdqFHoY5ENSkUaxJz3Skg==
2025-03-31 14:16:54 [DEBUG] (restartedMain) org.example.travelexpertwebbackend.security.JwtService.generateSecretKey():34 - Encoded Key: TxTNERoDCbMO+mNNNPfYahrayzlAk3MqZYb3N23QE5HgWomcu9KM3qBLsiytHMoDzUlLXJAfDXSCSIJJTP8P4w==
2025-03-31 14:17:12 [DEBUG] (restartedMain) org.example.travelexpertwebbackend.security.JwtService.generateSecretKey():34 - Encoded Key: fOc4XqJkGsb0g9ADTenVcFpP2Qlm/sqGFOXWTTctoChviX1oyOfIhNJxMPs3+fZiFx99x8Q+UiLu+g/Wk5W0KQ==
2025-03-31 14:18:01 [DEBUG] (restartedMain) org.example.travelexpertwebbackend.security.JwtService.generateSecretKey():34 - Encoded Key: 7YinkkdZupM7ZtjkkBPVBLBa1fn24pbFEDjo8DeKUjeX90jsETiVtFahqHv+u3RZsrFrvZnRCF3HlVqS2GSnDg==
2025-03-31 14:18:36 [DEBUG] (restartedMain) org.example.travelexpertwebbackend.security.JwtService.generateSecretKey():34 - Encoded Key: AoG8h4i9DhPSNaT77ljT8ceDRT4kWhYcMKXmvSzJe4vR3Oe0jxlJtqRlP/5+BqQJNHIZe1AmBJZxeHsKT03kiA==
2025-03-31 14:21:21 [DEBUG] (restartedMain) org.example.travelexpertwebbackend.security.JwtService.generateSecretKey():34 - Encoded Key: jXVEtLdxd8wjFUOdeKRI/8QVvF0gMCeHN4k++DW6MS8lXpoiHLrKLCJhvapuwvKBnyaHL8/igE/nMTor+k9g7Q==
2025-03-31 14:22:27 [DEBUG] (restartedMain) org.example.travelexpertwebbackend.security.JwtService.generateSecretKey():34 - Encoded Key: xEKO0/cJ1Nr67A+yCXP/pNoYfjlf4V8bbS0/9WHQ0gZUnfdABFHufWjNckpYKbYK8NvNx81L04Wm/nYdQtkaGg==
2025-03-31 14:25:17 [DEBUG] (restartedMain) org.example.travelexpertwebbackend.security.JwtService.generateSecretKey():34 - Encoded Key: mnXssiGb9HDTLq2rjIlCXVkbuEvsbrBf1KcIX4WyjYePFdZt8gA8tCQ26K05pgDvja4hmDYsTYDtkTpB5wnjYg==
2025-03-31 14:27:21 [DEBUG] (restartedMain) org.example.travelexpertwebbackend.security.JwtService.generateSecretKey():34 - Encoded Key: 9JaVszShgCZHbaOqaNxI73yfVqLJkugxD1GIWaOkrLJJwC95ZNtvI7YkXV9XRCY8Nl+Pcb3i8PlukVVqsRWmwg==
2025-03-31 14:29:09 [DEBUG] (restartedMain) org.example.travelexpertwebbackend.security.JwtService.generateSecretKey():34 - Encoded Key: Sn9QPVLbfElVkCbaER6GCAoGePyT3ETnlTYieF4BdyJMyawxcOkPmSnRtd+p8r6KkqHT17lofZX5ejdihjZY0w==
2025-03-31 14:31:19 [WARN] (http-nio-8080-exec-6) org.example.travelexpertwebbackend.controller.auth.UserController.loginUser():69 - Bad credentials for user: james@travel1234.com
2025-03-31 14:31:25 [WARN] (http-nio-8080-exec-7) org.example.travelexpertwebbackend.controller.auth.UserController.loginUser():69 - Bad credentials for user: jane.merrill@travelexperts.com
2025-03-31 14:39:09 [WARN] (http-nio-8080-exec-9) org.example.travelexpertwebbackend.controller.auth.UserController.loginUser():69 - Bad credentials for user: john.coville@travelexperts.com
2025-03-31 14:39:20 [WARN] (http-nio-8080-exec-10) org.example.travelexpertwebbackend.controller.auth.UserController.loginUser():69 - Bad credentials for user: john.coville@travelexperts.com
2025-03-31 14:40:13 [WARN] (http-nio-8080-exec-2) org.example.travelexpertwebbackend.controller.auth.UserController.loginUser():69 - Bad credentials for user: john.coville@travelexperts.com
2025-03-31 14:40:16 [WARN] (http-nio-8080-exec-1) org.example.travelexpertwebbackend.controller.auth.UserController.loginUser():69 - Bad credentials for user: john.coville@travelexperts.com
2025-03-31 14:41:55 [WARN] (http-nio-8080-exec-5) org.example.travelexpertwebbackend.controller.auth.UserController.loginUser():69 - Bad credentials for user: janet.delton@travelexperts.com
2025-03-31 14:44:24 [DEBUG] (restartedMain) org.example.travelexpertwebbackend.security.JwtService.generateSecretKey():34 - Encoded Key: E1tWjib9y+n8krGR+teQ0kF9EERdYl3INEE48ZlLp1Dj3wdcB0tMmxgmNIFE+Ba9zw3gesLD2klnHiaGLZZSow==
2025-03-31 14:44:58 [DEBUG] (restartedMain) org.example.travelexpertwebbackend.security.JwtService.generateSecretKey():34 - Encoded Key: yIX3Y6nMRx+XhGk9oRqW9pfGsudZtGcGIQbpYXSowzqgFIXlzjSM4T9iQR3Fc53Ji7rrvhcr6Da7Zxd336ypuQ==
2025-03-31 14:46:12 [DEBUG] (restartedMain) org.example.travelexpertwebbackend.security.JwtService.generateSecretKey():34 - Encoded Key: nwX1qmict/oIO/sXI298hwDsBO0gOo3pg94KT6cBCedOnfjH9F/2qJ1wGgneqh+cYtr6T+0Q60oaDle3+3FFug==
2025-03-31 14:51:13 [DEBUG] (restartedMain) org.example.travelexpertwebbackend.security.JwtService.generateSecretKey():34 - Encoded Key: Tquoye354sV+FEyMqehU2Pg7kmKqudr5oPnjZYrdZfNK+wLVS56RlEsf+ri4Xyo2n69Zfjj1XTZ19+CxTuf3Lg==
2025-03-31 14:52:00 [DEBUG] (restartedMain) org.example.travelexpertwebbackend.security.JwtService.generateSecretKey():34 - Encoded Key: sC/BbxxH35mmvR5hS/JKu8R8KSDyfcgPc1VJ7BGfWD+Pd8Pgo9r9koc36rM0OOnUgECIqcIZCP1lTEo9IcZfSw==
2025-03-31 14:53:10 [DEBUG] (restartedMain) org.example.travelexpertwebbackend.security.JwtService.generateSecretKey():34 - Encoded Key: 38b5ASD+4JeeXeouoJB3VlpWqxxgDc6YW32O9AjW1Pf6zBwJj0qVrclGVmoaGsZfFmvWzaWFA6HgaOc6K1A0Cw==
2025-03-31 15:19:42 [DEBUG] (restartedMain) org.example.travelexpertwebbackend.security.JwtService.generateSecretKey():34 - Encoded Key: QsUpA3w4Io5B8qzQYyGVs0pRitMh+e1nxxhoOsK8XuPh2y+FDfzE6/GQQELUMXocvVLhrY2Ef94BnwqF3OkU4w==
2025-03-31 15:21:37 [DEBUG] (restartedMain) org.example.travelexpertwebbackend.security.JwtService.generateSecretKey():34 - Encoded Key: xEu6eqvHp5KR7EIt4SPFRlfSMBtwJg5joFcc5q8ACBQHrgFj+HLg1FC/AhgxLiC9QoEutlJhQiCv0uVmxsApWw==
2025-03-31 15:23:28 [DEBUG] (restartedMain) org.example.travelexpertwebbackend.security.JwtService.generateSecretKey():34 - Encoded Key: mndsRxnJZGwzRvyQpA8k5sypvb1U/MnGpSMo1sXVcTgIDt11skALnl5ftrSuzqoZs2mdMdwjMBZ6ks8+y3wcrA==
2025-03-31 15:26:03 [DEBUG] (restartedMain) org.example.travelexpertwebbackend.security.JwtService.generateSecretKey():34 - Encoded Key: vxxXykpNMtuo5SD5q+vMfx4klw6hgfyZLwJnYfK2LhFeeEzdtsllePbhCZTmLr8e4z/QtGnKscL9r0X1wq/yWg==
2025-03-31 15:28:29 [DEBUG] (restartedMain) org.example.travelexpertwebbackend.security.JwtService.generateSecretKey():34 - Encoded Key: bSmqCCvy/RyuHnx0eQpK8vprM1J+9fOB0cGxPFAWhjhlZgrIZLHRqCeETBbzOeexoniTDgch8RrEybigZVzt4A==
2025-03-31 15:29:32 [DEBUG] (restartedMain) org.example.travelexpertwebbackend.security.JwtService.generateSecretKey():34 - Encoded Key: SzIW8UDrXz1Ai5MK9U67BxMGOsx9ZViLibXQ1lLgPzTwBgEf9d0V/usvYU1IIch8YSqxuAcCtvMyY7ug1fly/A==
2025-03-31 15:29:46 [DEBUG] (restartedMain) org.example.travelexpertwebbackend.security.JwtService.generateSecretKey():34 - Encoded Key: k8YwfXNOVcu0jskknwlyhMuUkZmAR8SVOmFVZy7roSrpP0FtSI7j0ZUTxrd2ItCq/nvuF5UJpLwiCVPiKxXJSA==
2025-03-31 15:37:03 [DEBUG] (restartedMain) org.example.travelexpertwebbackend.security.JwtService.generateSecretKey():34 - Encoded Key: NLjgjOzD6ptC/ell7KDoRJb5477DL35AnEDFknujCxAjOxxVh0YyziaDhXU5RQOalyQJZQ9pwGhGFY7jfU0vwg==
2025-03-31 15:41:02 [DEBUG] (restartedMain) org.example.travelexpertwebbackend.security.JwtService.generateSecretKey():34 - Encoded Key: xJRfx7R6CfTtMwDkw+HH43jn3uQmw8PUE9DKOM6fUcCq4tAUqily18FR7DGTGNSAzoy7vFi4UA560qVjkzkZjw==
2025-03-31 15:41:55 [DEBUG] (restartedMain) org.example.travelexpertwebbackend.security.JwtService.generateSecretKey():34 - Encoded Key: EyUEqjfXajsez6EwHUrkZi2J1wwzybYcFsDKIIy2dRKGewOcyPMHCfqyvQM3XMStpUc9vN53jrpf/qLCUbhWow==
2025-03-31 15:44:21 [DEBUG] (restartedMain) org.example.travelexpertwebbackend.security.JwtService.generateSecretKey():34 - Encoded Key: IS8mFQ3UiDfZW9aJibRwB9XtW8gECoXHFj9+KCrLMvFrWSD0oViiq76LMv8u5+aGGC0LHaPs9pJ1JqOl+grfBQ==
2025-03-31 15:51:12 [DEBUG] (restartedMain) org.example.travelexpertwebbackend.security.JwtService.generateSecretKey():34 - Encoded Key: hQuGB7v3uDehDBBZgiGNxb9IdDC+7is6x1APy7sX20fuqAD3WO3Q5378r7HZdQmzLKwenqcp+z+et7kuD4QGYA==
2025-03-31 15:51:56 [DEBUG] (restartedMain) org.example.travelexpertwebbackend.security.JwtService.generateSecretKey():34 - Encoded Key: ah3Jx2sagb/JFP6O/PVk9b35ACIYZJ3X+mk+61ec8xVTOftykqhgDQ6HCZzZhd2tZT5Cm/nkpGWSUdhnct/jCQ==
2025-03-31 15:53:00 [DEBUG] (restartedMain) org.example.travelexpertwebbackend.security.JwtService.generateSecretKey():34 - Encoded Key: C0ZBEq3FYOP0RL+UOiHlP/jFvI9wlxp+8+Si/4WZIVULR0imTcas3yO5XnhiBjUlm5A6koBOG6G5ZLgipvqTYw==
2025-03-31 15:55:17 [DEBUG] (restartedMain) org.example.travelexpertwebbackend.security.JwtService.generateSecretKey():34 - Encoded Key: zfoPkRvfioq0c1yOCMaEuZNbQChpP3CKoCgfa7J9X6/hp953px95VvJLZI8pJAD/SYQZjF1V/8ke0rqmbaXtsQ==
2025-03-31 15:56:05 [DEBUG] (restartedMain) org.example.travelexpertwebbackend.security.JwtService.generateSecretKey():34 - Encoded Key: 7bPXuolo5l7gN2hdMqbnC4QyG55xqLnaY+aeasGUgqSk/2wiJfDIclOrF/KZmweOu4ob5W37SmAlGXiKybiy2g==
2025-03-31 15:57:28 [WARN] (http-nio-8080-exec-3) org.example.travelexpertwebbackend.controller.auth.UserController.loginUser():69 - Bad credentials for user: janet.delton@travelexperts.com
2025-03-31 15:57:41 [WARN] (http-nio-8080-exec-5) org.example.travelexpertwebbackend.controller.auth.UserController.loginUser():69 - Bad credentials for user: janet.delton@travelexperts.com
2025-03-31 16:02:55 [DEBUG] (http-nio-8080-exec-4) org.example.travelexpertwebbackend.controller.auth.UserController.loginUser():63 - Logging in user: janesmith@email.com
2025-03-31 16:03:15 [DEBUG] (http-nio-8080-exec-5) org.example.travelexpertwebbackend.security.JwtAuthenticationFilter.doFilterInternal():55 - User roles: [ROLE_AGENT]
2025-03-31 16:05:01 [DEBUG] (http-nio-8080-exec-9) org.example.travelexpertwebbackend.security.JwtAuthenticationFilter.doFilterInternal():55 - User roles: [ROLE_AGENT]
2025-03-31 16:05:05 [DEBUG] (http-nio-8080-exec-10) org.example.travelexpertwebbackend.security.JwtAuthenticationFilter.doFilterInternal():55 - User roles: [ROLE_AGENT]
2025-03-31 16:05:08 [DEBUG] (http-nio-8080-exec-2) org.example.travelexpertwebbackend.security.JwtAuthenticationFilter.doFilterInternal():55 - User roles: [ROLE_AGENT]
2025-03-31 16:06:54 [DEBUG] (restartedMain) org.example.travelexpertwebbackend.security.JwtService.generateSecretKey():34 - Encoded Key: ELr1ymn7DEYzUc6cYujoDx+6aHbE+j8LY/lj6n2YYSsfZ1NmcvneyiPuAhlSIAMzIfoJZvv3cxl+GFxu3QXq1Q==
2025-03-31 16:07:25 [DEBUG] (restartedMain) org.example.travelexpertwebbackend.security.JwtService.generateSecretKey():34 - Encoded Key: mTnDmqs1hhUQyNSO+YJkz723FAZmgQcmeQVYnNz+EQAAHNHAcVX6cPqfaLgChPxgsHSDsjanleVc1MPWAdi8/Q==
2025-03-31 16:09:51 [DEBUG] (restartedMain) org.example.travelexpertwebbackend.security.JwtService.generateSecretKey():34 - Encoded Key: kKWPWa9zXt9YSXSIS9BPrdWt+Q9PYeO2hCyK5T0ByWL1YguS4Vw9v5K/JgjSWseE7M+thb0I9h9LIXxPBr0CMQ==
2025-03-31 16:12:52 [DEBUG] (restartedMain) org.example.travelexpertwebbackend.security.JwtService.generateSecretKey():34 - Encoded Key: Vygtr9cPFec7fV/Izw0w1gN69gQxA0xHeDw55M7MxcERRGD8ziCJtxm77U0i60wZEHoja9uYAorljj008T3VQg==
2025-03-31 16:13:56 [DEBUG] (restartedMain) org.example.travelexpertwebbackend.security.JwtService.generateSecretKey():34 - Encoded Key: EtUc2sQFLGWwJBQhLcxxaGjie/igz1dS0KNJJoLze9QvbFR15eAMyhCkAzjgbGcV6jadnoCAF0tHpVijOHvp2g==
2025-03-31 16:15:21 [DEBUG] (restartedMain) org.example.travelexpertwebbackend.security.JwtService.generateSecretKey():34 - Encoded Key: hvEAVeSBDQkknrzwioaqMeqLtPuC01OILOPjObH5Ju0TxzKN6FJRO5yyWZUdtFfGijAUJehaTOkiweFhz5nRSQ==
2025-03-31 17:30:32 [DEBUG] (restartedMain) org.example.travelexpertwebbackend.security.JwtService.generateSecretKey():34 - Encoded Key: M3Dj8WZBluoAlzTvZ8jCL/9Iu1kSGzkHx6ZQu7dKfLcRXEbs7z34ZF4Uj7DFuBj9W77pBiBfqwGfqGIWxOjufg==
2025-03-31 17:31:11 [DEBUG] (restartedMain) org.example.travelexpertwebbackend.security.JwtService.generateSecretKey():34 - Encoded Key: 3v5uSrgt8YxS9XJjRd7TKpTgS+ptIg5HQQY7amiEtRXYv3gJfvUn0mjqCJZFWin9rPZ2vLI6I8WucoF/5aw4eg==
2025-03-31 23:22:55 [DEBUG] (restartedMain) org.example.travelexpertwebbackend.security.JwtService.generateSecretKey():34 - Encoded Key: H2khujjLUmH33r5/AiLx/VHmuiR/M/xSHR+IbpWQYulJnITwmV5bIhqZAP20GGUv2/aZvXyJ3ua8FS4ljCSfzA==
2025-03-31 23:29:09 [DEBUG] (restartedMain) org.example.travelexpertwebbackend.security.JwtService.generateSecretKey():34 - Encoded Key: Jj7rrS3OncGPQ5qo8NjkBQd1zl12x0oWEnM2ggfrL3RrDdRt8AY2kanvp+mPrW9WFRj5s+Zhk2CUAl8hkCXPHQ==
2025-03-31 23:36:12 [DEBUG] (restartedMain) org.example.travelexpertwebbackend.security.JwtService.generateSecretKey():34 - Encoded Key: Ykitg9feLsvUbYvPocj7MJrkWXHQCRQ7WCIUwcBGtcnzxXSMdIoHHtoO6ZgENB9Z9Prsgqzoxyua5yIj9fAG8Q==
2025-03-31 23:37:38 [DEBUG] (restartedMain) org.example.travelexpertwebbackend.security.JwtService.generateSecretKey():34 - Encoded Key: fPddT5hde/Mrrk6CYefKJ95WCgSajYOn6XSuCC7YBpT86lOb3Bk9yXaxe4q8GR4Xrjgsi6IvhUT+HoIGw198DQ==
2025-03-31 23:48:33 [DEBUG] (restartedMain) org.example.travelexpertwebbackend.security.JwtService.generateSecretKey():34 - Encoded Key: k3K69JdNLJKqNiao0YSySxPieJ/bka1eGPsBv6r+IZOMoEwv+ZyDHNT7Z2QWzhmunswiKhhQZIAcZxNpzT3nWg==
2025-04-01 01:39:24 [DEBUG] (restartedMain) org.example.travelexpertwebbackend.security.JwtService.generateSecretKey():34 - Encoded Key: laEB/FHwiLANlc5Xr5bzrFDPhsP5IH/X3b5Twb1OVLFfljopxu/Xm2ZKVNpo+AseW+rAW2/fAVcVajTecIMzwA==
2025-04-01 01:40:14 [DEBUG] (restartedMain) org.example.travelexpertwebbackend.security.JwtService.generateSecretKey():34 - Encoded Key: 3+/YEk2QIe5I6w2VjQoOHxyi0KyIlUJPMp3KkenroQmZLXUw7pbymAoFJaHSXhWgH5AHUIlC3R13cW0WT1HaqQ==
2025-04-01 01:40:59 [DEBUG] (restartedMain) org.example.travelexpertwebbackend.security.JwtService.generateSecretKey():34 - Encoded Key: r8xSugZy5kSG5YPMDAadJgDvBcv00xBSYpHrL9X+BYSRyESU8DX93ykkTh0RtbuCR85EuKDJhvrAGW8YPHui0Q==
2025-04-01 01:42:10 [DEBUG] (restartedMain) org.example.travelexpertwebbackend.security.JwtService.generateSecretKey():34 - Encoded Key: lIFhV1RWpCQyncLu6RGyS4F5Bg4D962r0ZavfN0rIEDU03CKChEHnlmMYI9cnyxBJXUoTLsMwbBB3WJFbhQnmA==
2025-04-01 01:49:45 [DEBUG] (restartedMain) org.example.travelexpertwebbackend.security.JwtService.generateSecretKey():34 - Encoded Key: Eq3IV7Vwz4dLWFSvkEjjMHQukhv26GtLs0kZYgs2+Ur7EF5X4Ing4QCgfX1UoQoOuvhlq81/tdiVTv3lDdMb4w==
2025-04-01 01:50:01 [DEBUG] (http-nio-8080-exec-3) org.example.travelexpertwebbackend.controller.CustomerController.registerCustomer():46 - Registering customer: johndoe@example.com
2025-04-01 01:51:05 [ERROR] (http-nio-8080-exec-3) org.example.travelexpertwebbackend.controller.CustomerController.registerCustomer():54 - Error registering customer: johndoe@example.com
2025-04-01 01:52:59 [DEBUG] (restartedMain) org.example.travelexpertwebbackend.security.JwtService.generateSecretKey():34 - Encoded Key: tXvsk4OQOp/ZE0T1B6L0FuXMvLc2csS1ie+Jg6RAFx6DWGg8SqoBYd9ejjsD5LH0HeK7Tlo37jaUSaZItCKH8A==
2025-04-01 01:54:41 [DEBUG] (restartedMain) org.example.travelexpertwebbackend.security.JwtService.generateSecretKey():34 - Encoded Key: NpGdpISGbswhksbaSDxEK86c2xi7SJW4AmXWRizFBLP5dyJImM/iNX9ZCybHhMQOwYxN/nZjz+nXGoLNRWcotg==
2025-04-01 02:02:15 [DEBUG] (restartedMain) org.example.travelexpertwebbackend.security.JwtService.generateSecretKey():34 - Encoded Key: 2rUMRCZpf5qeu36xYX8rgct+uh4c2apGq8hHmrNsJLXxStp2awGvxCY2cfOifP4S34Y6cvYGZc5O06XFpDLi8Q==
2025-04-01 02:02:42 [DEBUG] (http-nio-8080-exec-1) org.example.travelexpertwebbackend.controller.CustomerController.registerCustomer():46 - Registering customer: johndoe@example.com
2025-04-01 02:03:05 [INFO] (http-nio-8080-exec-1) org.example.travelexpertwebbackend.controller.CustomerController.registerCustomer():48 - Successfully registered customer: johndoe@example.com
2025-04-01 02:03:48 [ERROR] (http-nio-8080-exec-1) org.example.travelexpertwebbackend.controller.CustomerController.registerCustomer():54 - Error registering customer: johndoe@example.com
2025-04-01 02:04:48 [DEBUG] (http-nio-8080-exec-4) org.example.travelexpertwebbackend.controller.CustomerController.registerCustomer():46 - Registering customer: johndoe@example.com
2025-04-01 02:04:57 [INFO] (http-nio-8080-exec-4) org.example.travelexpertwebbackend.controller.CustomerController.registerCustomer():48 - Successfully registered customer: johndoe@example.com
2025-04-01 02:06:07 [ERROR] (http-nio-8080-exec-4) org.example.travelexpertwebbackend.controller.CustomerController.registerCustomer():54 - Error registering customer: johndoe@example.com
2025-04-01 02:06:15 [DEBUG] (restartedMain) org.example.travelexpertwebbackend.security.JwtService.generateSecretKey():34 - Encoded Key: 00KQ0Z68maAGc+GAb+20YmtsOVzA6T16RSdapyJYbmWT1xZz1mclYZXyRQ0Qvl66j/YejPJzUXkhGAR/8UsF8Q==
2025-04-01 02:06:24 [DEBUG] (http-nio-8080-exec-2) org.example.travelexpertwebbackend.controller.CustomerController.registerCustomer():51 - Registering customer: johndoe@example.com
2025-04-01 02:06:28 [INFO] (http-nio-8080-exec-2) org.example.travelexpertwebbackend.controller.CustomerController.registerCustomer():53 - Successfully registered customer: johndoe@example.com
2025-04-01 02:07:03 [ERROR] (http-nio-8080-exec-2) org.example.travelexpertwebbackend.controller.CustomerController.registerCustomer():59 - Error registering customer: johndoe@example.com
2025-04-01 02:08:08 [DEBUG] (restartedMain) org.example.travelexpertwebbackend.security.JwtService.generateSecretKey():34 - Encoded Key: fnA3HsyZe4n3wh9q+nMkIIpvvhb1LZyFlAmMc/rPXsD9vBys4o3H8qDrNDsfWnqkfh+rvTDlwyLGJg8Zy/ET5w==
2025-04-01 02:08:21 [DEBUG] (http-nio-8080-exec-1) org.example.travelexpertwebbackend.controller.CustomerController.registerCustomer():51 - Registering customer: johndoe@example.com
2025-04-01 02:08:24 [INFO] (http-nio-8080-exec-1) org.example.travelexpertwebbackend.controller.CustomerController.registerCustomer():53 - Successfully registered customer: johndoe@example.com
2025-04-02 11:36:42 [DEBUG] (restartedMain) org.example.travelexpertwebbackend.security.JwtService.generateSecretKey():34 - Encoded Key: j5cY2hRXlaTjNxXNLiuujrbgSw+soT4PDTDQdnV9VfYTAO9TwajoguKV19sP7+0xgWu51bo63f/Ue2iUfSwoDg==
2025-04-02 11:43:35 [DEBUG] (restartedMain) org.example.travelexpertwebbackend.security.JwtService.generateSecretKey():34 - Encoded Key: by+vaTFCSPqvBp2E1d24fX6z1M+6W61EcP7nacZiniSDxIWCdNkYibCgiKSx/4oxkfS+uGNeYuLQActhfq/h5g==
2025-04-02 11:43:49 [INFO] (http-nio-8080-exec-1) org.example.travelexpertwebbackend.controller.CustomerController.updateCustomer():73 - Successfully updated customer: johndoe@example.com
2025-04-02 11:43:49 [INFO] (http-nio-8080-exec-1) org.example.travelexpertwebbackend.service.auth.UserService.updateUser():97 - Successfully updated user: johndoe@example.com
2025-04-02 11:44:33 [INFO] (http-nio-8080-exec-3) org.example.travelexpertwebbackend.controller.CustomerController.updateCustomer():73 - Successfully updated customer: johndoe@example.com
2025-04-02 11:44:33 [INFO] (http-nio-8080-exec-3) org.example.travelexpertwebbackend.service.auth.UserService.updateUser():97 - Successfully updated user: johndoe@example.com
2025-04-02 11:45:23 [INFO] (http-nio-8080-exec-4) org.example.travelexpertwebbackend.controller.CustomerController.updateCustomer():73 - Successfully updated customer: johndoe@example.com
2025-04-02 11:45:59 [INFO] (http-nio-8080-exec-4) org.example.travelexpertwebbackend.service.auth.UserService.updateUser():97 - Successfully updated user: johndoe@example.com
2025-04-02 11:46:53 [DEBUG] (http-nio-8080-exec-6) org.example.travelexpertwebbackend.controller.auth.UserController.loginUser():64 - Logging in user: johndoe@example.com
2025-04-02 11:58:16 [DEBUG] (http-nio-8080-exec-10) org.example.travelexpertwebbackend.controller.CustomerController.registerCustomer():51 - Registering customer: johndoe@gmail.com
2025-04-02 11:58:16 [INFO] (http-nio-8080-exec-10) org.example.travelexpertwebbackend.controller.CustomerController.registerCustomer():53 - Successfully registered customer: johndoe@gmail.com
2025-04-02 12:00:01 [DEBUG] (restartedMain) org.example.travelexpertwebbackend.security.JwtService.generateSecretKey():34 - Encoded Key: ZynvhI1Al82R79ZLuE0TleMuorw2smA+DNRa6gVEQvym3+4UkMtF8gvSYPVRCbtxq5MpgLMeLvLVqnM3zJv6ew==
2025-04-02 12:00:45 [DEBUG] (http-nio-8080-exec-1) org.example.travelexpertwebbackend.controller.CustomerController.registerCustomer():51 - Registering customer: johndoe@gmail.com
2025-04-02 12:00:46 [INFO] (http-nio-8080-exec-1) org.example.travelexpertwebbackend.controller.CustomerController.registerCustomer():54 - Successfully registered customer: johndoe@gmail.com
2025-04-02 12:18:51 [DEBUG] (restartedMain) org.example.travelexpertwebbackend.security.JwtService.generateSecretKey():34 - Encoded Key: Ml7h+1lx62b9dR+B4qLATDPOv53hhjIoh9jax4Fs7fCiG7RCfmB44UkBRW2Zll33FIPPlunJsF648597B2LkuA==
2025-04-02 12:19:10 [INFO] (http-nio-8080-exec-2) org.example.travelexpertwebbackend.controller.CustomerController.registerCustomer():57 - User Already Exits johndoe@gmail.com
2025-04-02 12:19:33 [DEBUG] (http-nio-8080-exec-4) org.example.travelexpertwebbackend.controller.CustomerController.registerCustomer():62 - Registering customer: johndoe1@gmail.com
2025-04-02 12:30:58 [DEBUG] (restartedMain) org.example.travelexpertwebbackend.security.JwtService.generateSecretKey():34 - Encoded Key: GFeGDaYxC2KgtUY46XUM+ByT/WsdiMXB5XKLywrXJWeMg/Zb2krmT+gQa5D9yx/Twl42cuSawNqwsk/g2QYPqA==
2025-04-02 12:32:02 [INFO] (http-nio-8080-exec-1) org.example.travelexpertwebbackend.controller.CustomerController.registerCustomer():58 - User Already Exits johndoe1@gmail.com
2025-04-02 12:49:14 [DEBUG] (restartedMain) org.example.travelexpertwebbackend.security.JwtService.generateSecretKey():34 - Encoded Key: MNNcmNmMO5T53E+XA4H0J7IcENqY6dYP0NP9mOgUeFkpSnK5lsej0zfaSfttyKBxbfA0M2SYK9jsmqy5fmaazg==
2025-04-02 12:49:22 [INFO] (http-nio-8080-exec-2) org.example.travelexpertwebbackend.controller.CustomerController.registerCustomer():66 - User Already Exists as Agent: janesmith@email.com
2025-04-02 12:49:22 [INFO] (http-nio-8080-exec-2) org.example.travelexpertwebbackend.controller.CustomerController.registerCustomer():69 - Successfully registered agent - customer: janesmith@email.com
2025-04-02 12:52:04 [INFO] (http-nio-8080-exec-5) org.example.travelexpertwebbackend.controller.CustomerController.registerCustomer():66 - User Already Exists as Agent: janesmith@email.com
2025-04-02 12:52:14 [INFO] (http-nio-8080-exec-5) org.example.travelexpertwebbackend.controller.CustomerController.registerCustomer():69 - Successfully registered agent - customer: janesmith@email.com
2025-04-02 12:52:31 [DEBUG] (http-nio-8080-exec-6) org.example.travelexpertwebbackend.controller.auth.UserController.loginUser():64 - Logging in user: janesmith@email.com
2025-04-02 13:02:40 [DEBUG] (restartedMain) org.example.travelexpertwebbackend.security.JwtService.generateSecretKey():34 - Encoded Key: WZIMRa0hxWzfgyPvZmsgoHtOymR5PS1pxNbsWcP9TBTXrsf6qB3zA7CKhmf5ESuFYL5ssXDun6UrdVvWQSA41g==
2025-04-02 13:04:02 [ERROR] (http-nio-8080-exec-1) org.example.travelexpertwebbackend.controller.CustomerController.deleteCustomer():132 - Unexpected Error while deleting customer with id: 152
2025-04-02 13:04:24 [ERROR] (http-nio-8080-exec-4) org.example.travelexpertwebbackend.controller.CustomerController.deleteCustomer():132 - Unexpected Error while deleting customer with id: 152
2025-04-02 13:05:35 [DEBUG] (restartedMain) org.example.travelexpertwebbackend.security.JwtService.generateSecretKey():34 - Encoded Key: XbrvdBQBOR+PLq1crYMsQvnLikkHpn+inkdYeCdBngwh00kq3uS08PyHpf4qob1R7lPCRjEBmzG/9ELfhyvKIA==
2025-04-02 13:05:58 [ERROR] (http-nio-8080-exec-1) org.example.travelexpertwebbackend.controller.CustomerController.deleteCustomer():132 - Unexpected Error while deleting customer with id: 152
2025-04-02 13:07:13 [DEBUG] (restartedMain) org.example.travelexpertwebbackend.security.JwtService.generateSecretKey():34 - Encoded Key: dtdIUvEdyKs3AsC9IwrQeoPPEI0CHkxZEU+l+JC9h/YyOa7BNYqmCIp+5QKEfknHHGbyylysB1fVv0ZRvxQRDg==
2025-04-02 13:07:34 [ERROR] (http-nio-8080-exec-1) org.example.travelexpertwebbackend.controller.CustomerController.deleteCustomer():132 - Unexpected Error while deleting customer with id: 152
2025-04-02 13:08:51 [DEBUG] (restartedMain) org.example.travelexpertwebbackend.security.JwtService.generateSecretKey():34 - Encoded Key: l//MIgXINb65Akdxn/rITNs2bVns406rbKQNULvRrx3Y6+wdUlWNEG9uSEUDi2sHKr3SazWC+T3ZB6ARUzEQAQ==
2025-04-02 13:09:20 [ERROR] (http-nio-8080-exec-1) org.example.travelexpertwebbackend.controller.CustomerController.deleteCustomer():132 - Unexpected Error while deleting customer with id: 152
2025-04-02 13:11:13 [DEBUG] (restartedMain) org.example.travelexpertwebbackend.security.JwtService.generateSecretKey():34 - Encoded Key: BucSn+mxqkTf28LmsRa5o+pgYywW+Z033rasPTBWbZPbWTItLVygFxS3XhIkWuQ+w02Ec/YpAoBMSI/SlEg8tw==
2025-04-02 13:11:27 [DEBUG] (restartedMain) org.example.travelexpertwebbackend.security.JwtService.generateSecretKey():34 - Encoded Key: erBfOdP7qk+1nzf07upvMPp9anKBb0fzV8tWQuQXl55tfIesk6syojANTPCy0JLXj8jlIlqMx7AEwpPCRmI7Bg==
2025-04-02 13:11:46 [DEBUG] (restartedMain) org.example.travelexpertwebbackend.security.JwtService.generateSecretKey():34 - Encoded Key: d+/rr76rJX0sURBNmGvfWmZPfToqz3Y11j2vI0Wc79h4eByG3h7BCwzhOhhTyPbykaIemwqXLN4CHJ2QWNb3MQ==
2025-04-02 13:12:15 [INFO] (http-nio-8080-exec-1) org.example.travelexpertwebbackend.controller.CustomerController.deleteCustomer():123 - Successfully deleted customer with id: 152
2025-04-02 13:12:41 [INFO] (http-nio-8080-exec-3) org.example.travelexpertwebbackend.controller.CustomerController.deleteCustomer():123 - Successfully deleted customer with id: 151
2025-04-02 13:43:31 [DEBUG] (restartedMain) org.example.travelexpertwebbackend.security.JwtService.generateSecretKey():34 - Encoded Key: dpSuqqEPWiFisLUk5+MYViNBvrS6EthTi2WdLeLj6pf9dPcj0aSn+q1H/gczkGv9kzAbLPDHvJt4qkSt3n/aUQ==
2025-04-02 13:46:15 [DEBUG] (restartedMain) org.example.travelexpertwebbackend.security.JwtService.generateSecretKey():34 - Encoded Key: yItokJ6NLJETGzMVT0JUW5tI7RjI+kyR4Gq5bsy2w2/3oqkB/EMMOjSeOKefG3iH+PZexhu5V0pO5tYxVfrPLg==
2025-04-02 13:46:47 [DEBUG] (restartedMain) org.example.travelexpertwebbackend.security.JwtService.generateSecretKey():34 - Encoded Key: sHChwAhQK2lAVqjnoFjy8z2gdkmwEQrbPq8pA+oEpo76WOpeSjLtmpkcGY/Acl5Soci5VE7NGaswKV+1lXKjCA==
